Release 14.7 - xst P.20131013 (nt)
Copyright (c) 1995-2013 Xilinx, Inc.  All rights reserved.
--> Parameter TMPDIR set to xst/projnav.tmp


Total REAL time to Xst completion: 0.00 secs
Total CPU time to Xst completion: 0.22 secs
 
--> Parameter xsthdpdir set to xst


Total REAL time to Xst completion: 0.00 secs
Total CPU time to Xst completion: 0.22 secs
 
--> Reading design: unidad_aritmetica.prj

TABLE OF CONTENTS
  1) Synthesis Options Summary
  2) HDL Parsing
  3) HDL Elaboration
  4) HDL Synthesis
       4.1) HDL Synthesis Report
  5) Advanced HDL Synthesis
       5.1) Advanced HDL Synthesis Report
  6) Low Level Synthesis
  7) Partition Report
  8) Design Summary
       8.1) Primitive and Black Box Usage
       8.2) Device utilization summary
       8.3) Partition Resource Summary
       8.4) Timing Report
            8.4.1) Clock Information
            8.4.2) Asynchronous Control Signals Information
            8.4.3) Timing Summary
            8.4.4) Timing Details
            8.4.5) Cross Clock Domains Report


=========================================================================
*                      Synthesis Options Summary                        *
=========================================================================
---- Source Parameters
Input File Name                    : "unidad_aritmetica.prj"
Ignore Synthesis Constraint File   : NO

---- Target Parameters
Output File Name                   : "unidad_aritmetica"
Output Format                      : NGC
Target Device                      : xc6slx16-3-csg324

---- Source Options
Top Module Name                    : unidad_aritmetica
Automatic FSM Extraction           : YES
FSM Encoding Algorithm             : Auto
Safe Implementation                : No
FSM Style                          : LUT
RAM Extraction                     : Yes
RAM Style                          : Auto
ROM Extraction                     : Yes
Shift Register Extraction          : YES
ROM Style                          : Auto
Resource Sharing                   : YES
Asynchronous To Synchronous        : NO
Shift Register Minimum Size        : 2
Use DSP Block                      : Auto
Automatic Register Balancing       : No

---- Target Options
LUT Combining                      : Auto
Reduce Control Sets                : Auto
Add IO Buffers                     : YES
Global Maximum Fanout              : 100000
Add Generic Clock Buffer(BUFG)     : 16
Register Duplication               : YES
Optimize Instantiated Primitives   : NO
Use Clock Enable                   : Auto
Use Synchronous Set                : Auto
Use Synchronous Reset              : Auto
Pack IO Registers into IOBs        : Auto
Equivalent register Removal        : YES

---- General Options
Optimization Goal                  : Speed
Optimization Effort                : 1
Power Reduction                    : NO
Keep Hierarchy                     : No
Netlist Hierarchy                  : As_Optimized
RTL Output                         : Yes
Global Optimization                : AllClockNets
Read Cores                         : YES
Write Timing Constraints           : NO
Cross Clock Analysis               : NO
Hierarchy Separator                : /
Bus Delimiter                      : <>
Case Specifier                     : Maintain
Slice Utilization Ratio            : 100
BRAM Utilization Ratio             : 100
DSP48 Utilization Ratio            : 100
Auto BRAM Packing                  : NO
Slice Utilization Ratio Delta      : 5

=========================================================================


=========================================================================
*                          HDL Parsing                                  *
=========================================================================
Analyzing Verilog file "\\psf\Home\Documents\I semestre 2015\Lab. Sistemas Digitales\Laboratorio_DSDigitales\LabDigitales\Proyecto1EcualizadordeAudio\unidad_aritmetica.v" into library work
Parsing module <unidad_aritmetica>.

=========================================================================
*                            HDL Elaboration                            *
=========================================================================

Elaborating module <unidad_aritmetica>.

=========================================================================
*                           HDL Synthesis                               *
=========================================================================

Synthesizing Unit <unidad_aritmetica>.
    Related source file is "\\psf\Home\Documents\I semestre 2015\Lab. Sistemas Digitales\Laboratorio_DSDigitales\LabDigitales\Proyecto1EcualizadordeAudio\unidad_aritmetica.v".
        largo = 24
    Found 25-bit adder for signal <a[24]_b[24]_add_2_OUT> created at line 48.
    Found 25x25-bit multiplier for signal <n0050> created at line 70.
    Summary:
	inferred   1 Multiplier(s).
	inferred   1 Adder/Subtractor(s).
	inferred  10 Multiplexer(s).
Unit <unidad_aritmetica> synthesized.

=========================================================================
HDL Synthesis Report

Macro Statistics
# Multipliers                                          : 1
 25x25-bit multiplier                                  : 1
# Adders/Subtractors                                   : 1
 25-bit adder                                          : 1
# Multiplexers                                         : 10
 1-bit 2-to-1 multiplexer                              : 4
 25-bit 2-to-1 multiplexer                             : 6

=========================================================================

=========================================================================
*                       Advanced HDL Synthesis                          *
=========================================================================


=========================================================================
Advanced HDL Synthesis Report

Macro Statistics
# Multipliers                                          : 1
 25x25-bit multiplier                                  : 1
# Adders/Subtractors                                   : 1
 25-bit adder                                          : 1
# Multiplexers                                         : 10
 1-bit 2-to-1 multiplexer                              : 4
 25-bit 2-to-1 multiplexer                             : 6

=========================================================================

=========================================================================
*                         Low Level Synthesis                           *
=========================================================================

Optimizing unit <unidad_aritmetica> ...

Mapping all equations...
Building and optimizing final netlist ...
Found area constraint ratio of 100 (+ 5) on block unidad_aritmetica, actual ratio is 0.

Final Macro Processing ...

=========================================================================
Final Register Report

Found no macro
=========================================================================

=========================================================================
*                           Partition Report                            *
=========================================================================

Partition Implementation Status
-------------------------------

  No Partitions were found in this design.

-------------------------------

=========================================================================
*                            Design Summary                             *
=========================================================================

Top Level Output File Name         : unidad_aritmetica.ngc

Primitive and Black Box Usage:
------------------------------
# BELS                             : 107
#      GND                         : 1
#      LUT2                        : 25
#      LUT3                        : 3
#      LUT5                        : 1
#      LUT6                        : 27
#      MUXCY                       : 24
#      VCC                         : 1
#      XORCY                       : 25
# IO Buffers                       : 78
#      IBUF                        : 52
#      OBUF                        : 26
# DSPs                             : 4
#      DSP48A1                     : 4

Device utilization summary:
---------------------------

Selected Device : 6slx16csg324-3 


Slice Logic Utilization: 
 Number of Slice LUTs:                   56  out of   9112     0%  
    Number used as Logic:                56  out of   9112     0%  

Slice Logic Distribution: 
 Number of LUT Flip Flop pairs used:     56
   Number with an unused Flip Flop:      56  out of     56   100%  
   Number with an unused LUT:             0  out of     56     0%  
   Number of fully used LUT-FF pairs:     0  out of     56     0%  
   Number of unique control sets:         0

IO Utilization: 
 Number of IOs:                          78
 Number of bonded IOBs:                  78  out of    232    33%  

Specific Feature Utilization:
 Number of DSP48A1s:                      4  out of     32    12%  

---------------------------
Partition Resource Summary:
---------------------------

  No Partitions were found in this design.

---------------------------


=========================================================================
Timing Report

NOTE: THESE TIMING NUMBERS ARE ONLY A SYNTHESIS ESTIMATE.
      FOR ACCURATE TIMING INFORMATION PLEASE REFER TO THE TRACE REPORT
      GENERATED AFTER PLACE-and-ROUTE.

Clock Information:
------------------
No clock signals found in this design

Asynchronous Control Signals Information:
----------------------------------------
No asynchronous control signals found in this design

Timing Summary:
---------------
Speed Grade: -3

   Minimum period: No path found
   Minimum input arrival time before clock: No path found
   Maximum output required time after clock: No path found
   Maximum combinational path delay: 21.118ns

Timing Details:
---------------
All values displayed in nanoseconds (ns)

=========================================================================
Timing constraint: Default path analysis
  Total number of paths / destination ports: 31778195 / 26
-------------------------------------------------------------------------
Delay:               21.118ns (Levels of Logic = 8)
  Source:            a<16> (PAD)
  Destination:       y_sal<24> (PAD)

  Data Path: a<16> to y_sal<24>
                                Gate     Net
    Cell:in->out      fanout   Delay   Delay  Logical Name (Net Name)
    ----------------------------------------  ------------
     IBUF:I->O             3   1.222   0.650  a_16_IBUF (a_16_IBUF)
     DSP48A1:A16->P47     18   4.560   1.049  Mmult_n0050 (Mmult_n0050_P47_to_Mmult_n00501)
     DSP48A1:C30->PCOUT47    1   2.689   0.000  Mmult_n00501 (Mmult_n00501_PCOUT_to_Mmult_n00502_PCIN_47)
     DSP48A1:PCIN47->P47   18   2.264   1.049  Mmult_n00502 (Mmult_n00502_P47_to_Mmult_n00503)
     DSP48A1:C30->P6       1   2.687   0.808  Mmult_n00503 (n0050<40>)
     LUT5:I2->O            1   0.205   0.580  y_sal<24>1 (y_sal<24>1)
     LUT6:I5->O            1   0.205   0.579  y_sal<24>2 (y_sal_24_OBUF)
     OBUF:I->O                 2.571          y_sal_24_OBUF (y_sal<24>)
    ----------------------------------------
    Total                     21.118ns (16.403ns logic, 4.715ns route)
                                       (77.7% logic, 22.3% route)

=========================================================================

Cross Clock Domains Report:
--------------------------

=========================================================================


Total REAL time to Xst completion: 8.00 secs
Total CPU time to Xst completion: 7.53 secs
 
--> 

Total memory usage is 201352 kilobytes

Number of errors   :    0 (   0 filtered)
Number of warnings :    0 (   0 filtered)
Number of infos    :    0 (   0 filtered)

